mode: set
github.com/reaandrew/schmokin/main.go:16.13,26.21 10 0
github.com/reaandrew/schmokin/main.go:42.2,43.19 2 0
github.com/reaandrew/schmokin/main.go:26.21,28.39 2 0
github.com/reaandrew/schmokin/main.go:32.3,32.15 1 0
github.com/reaandrew/schmokin/main.go:39.3,39.9 1 0
github.com/reaandrew/schmokin/main.go:28.39,30.4 1 0
github.com/reaandrew/schmokin/main.go:32.15,34.4 1 0
github.com/reaandrew/schmokin/main.go:34.9,35.28 1 0
github.com/reaandrew/schmokin/main.go:35.28,37.5 1 0
github.com/reaandrew/schmokin/http/DefaultHTTPClient.go:13.81,19.16 3 1
github.com/reaandrew/schmokin/http/DefaultHTTPClient.go:23.2,23.68 1 1
github.com/reaandrew/schmokin/http/DefaultHTTPClient.go:26.2,27.26 2 1
github.com/reaandrew/schmokin/http/DefaultHTTPClient.go:19.16,20.13 1 0
github.com/reaandrew/schmokin/http/DefaultHTTPClient.go:23.68,25.3 1 1
github.com/reaandrew/schmokin/http/DefaultHTTPClient.go:30.52,32.2 1 1
github.com/reaandrew/schmokin/core/Client.go:14.57,22.21 8 1
github.com/reaandrew/schmokin/core/Client.go:38.2,42.16 4 1
github.com/reaandrew/schmokin/core/Client.go:45.2,47.47 2 1
github.com/reaandrew/schmokin/core/Client.go:22.21,24.39 2 1
github.com/reaandrew/schmokin/core/Client.go:28.3,28.15 1 1
github.com/reaandrew/schmokin/core/Client.go:35.3,35.9 1 1
github.com/reaandrew/schmokin/core/Client.go:24.39,26.4 1 1
github.com/reaandrew/schmokin/core/Client.go:28.15,30.4 1 1
github.com/reaandrew/schmokin/core/Client.go:30.9,31.28 1 1
github.com/reaandrew/schmokin/core/Client.go:31.28,33.5 1 1
github.com/reaandrew/schmokin/core/Client.go:42.16,43.13 1 0
github.com/reaandrew/schmokin/core/Client.go:50.49,54.2 1 1
