mode: set
github.com/reaandrew/schmokin/http/DefaultHTTPClient.go:13.81,19.16 3 1
github.com/reaandrew/schmokin/http/DefaultHTTPClient.go:23.2,23.68 1 1
github.com/reaandrew/schmokin/http/DefaultHTTPClient.go:26.2,26.49 1 1
github.com/reaandrew/schmokin/http/DefaultHTTPClient.go:19.16,20.13 1 0
github.com/reaandrew/schmokin/http/DefaultHTTPClient.go:23.68,25.3 1 1
github.com/reaandrew/schmokin/http/DefaultHTTPClient.go:26.49,27.13 1 0
github.com/reaandrew/schmokin/http/DefaultHTTPClient.go:28.8,30.43 2 1
github.com/reaandrew/schmokin/http/DefaultHTTPClient.go:33.3,33.16 1 1
github.com/reaandrew/schmokin/http/DefaultHTTPClient.go:30.43,32.4 1 1
github.com/reaandrew/schmokin/http/DefaultHTTPClient.go:37.52,39.2 1 1
github.com/reaandrew/schmokin/core/Result.go:7.25,11.2 1 0
github.com/reaandrew/schmokin/core/Client.go:14.57,22.21 8 1
github.com/reaandrew/schmokin/core/Client.go:38.2,42.16 4 1
github.com/reaandrew/schmokin/core/Client.go:45.2,47.47 2 1
github.com/reaandrew/schmokin/core/Client.go:22.21,24.39 2 1
github.com/reaandrew/schmokin/core/Client.go:28.3,28.15 1 1
github.com/reaandrew/schmokin/core/Client.go:35.3,35.9 1 1
github.com/reaandrew/schmokin/core/Client.go:24.39,26.4 1 1
github.com/reaandrew/schmokin/core/Client.go:28.15,30.4 1 1
github.com/reaandrew/schmokin/core/Client.go:30.9,31.28 1 1
github.com/reaandrew/schmokin/core/Client.go:31.28,33.5 1 1
github.com/reaandrew/schmokin/core/Client.go:42.16,43.13 1 0
github.com/reaandrew/schmokin/core/Client.go:50.49,54.2 1 1
